2015-08-24T15:27:43.010+0800 I CONTROL  Trying to start Windows service 'MongoDB'
2015-08-24T15:27:43.011+0800 I STORAGE  Service running
2015-08-24T15:27:43.029+0800 I JOURNAL  [initandlisten] journal dir=C:\Users\qinj\workspace\hello-mean\db\data\journal
2015-08-24T15:27:43.031+0800 I JOURNAL  [initandlisten] recover : no journal files present, no recovery needed
2015-08-24T15:27:43.126+0800 I JOURNAL  [durability] Durability thread started
2015-08-24T15:27:43.128+0800 I JOURNAL  [journal writer] Journal writer thread started
2015-08-24T15:27:43.152+0800 I CONTROL  [initandlisten] MongoDB starting : pid=8700 port=27017 dbpath=C:\Users\qinj\workspace\hello-mean\db\data 64-bit host=QINJ9
2015-08-24T15:27:43.153+0800 I CONTROL  [initandlisten] targetMinOS: Windows 7/Windows Server 2008 R2
2015-08-24T15:27:43.154+0800 I CONTROL  [initandlisten] db version v3.0.5
2015-08-24T15:27:43.155+0800 I CONTROL  [initandlisten] git version: 8bc4ae20708dbb493cb09338d9e7be6698e4a3a3
2015-08-24T15:27:43.155+0800 I CONTROL  [initandlisten] build info: windows sys.getwindowsversion(major=6, minor=1, build=7601, platform=2, service_pack='Service Pack 1') BOOST_LIB_VERSION=1_49
2015-08-24T15:27:43.156+0800 I CONTROL  [initandlisten] allocator: tcmalloc
2015-08-24T15:27:43.156+0800 I CONTROL  [initandlisten] options: { config: "C:\Users\qinj\workspace\hello-mean\db\mongod.cfg", service: true, storage: { dbPath: "C:\Users\qinj\workspace\hello-mean\db\data" }, systemLog: { destination: "file", path: "C:\Users\qinj\workspace\hello-mean\db\log\mongod.log" } }
2015-08-24T15:27:43.159+0800 I INDEX    [initandlisten] allocating new ns file C:\Users\qinj\workspace\hello-mean\db\data\local.ns, filling with zeroes...
2015-08-24T15:27:43.653+0800 I STORAGE  [FileAllocator] allocating new datafile C:\Users\qinj\workspace\hello-mean\db\data\local.0, filling with zeroes...
2015-08-24T15:27:43.654+0800 I STORAGE  [FileAllocator] creating directory C:\Users\qinj\workspace\hello-mean\db\data\_tmp
2015-08-24T15:27:43.662+0800 I STORAGE  [FileAllocator] done allocating datafile C:\Users\qinj\workspace\hello-mean\db\data\local.0, size: 64MB,  took 0.005 secs
2015-08-24T15:27:43.678+0800 I NETWORK  [initandlisten] waiting for connections on port 27017
2015-08-24T15:28:22.877+0800 I NETWORK  [initandlisten] connection accepted from 127.0.0.1:32469 #1 (1 connection now open)
2015-08-24T15:33:13.520+0800 I NETWORK  [conn1] end connection 127.0.0.1:32469 (0 connections now open)
2015-08-24T15:33:18.098+0800 I CONTROL  [serviceShutdown] got SERVICE_CONTROL_STOP request from Windows Service Control Manager, will terminate after current cmd ends
2015-08-24T15:33:18.101+0800 I CONTROL  [serviceStopWorker] now exiting
2015-08-24T15:33:18.101+0800 I NETWORK  [serviceStopWorker] shutdown: going to close listening sockets...
2015-08-24T15:33:18.102+0800 I NETWORK  [serviceStopWorker] closing listening socket: 468
2015-08-24T15:33:18.102+0800 I NETWORK  [serviceStopWorker] shutdown: going to flush diaglog...
2015-08-24T15:33:18.102+0800 I NETWORK  [serviceStopWorker] shutdown: going to close sockets...
2015-08-24T15:33:18.103+0800 I STORAGE  [serviceStopWorker] shutdown: waiting for fs preallocator...
2015-08-24T15:33:18.103+0800 I STORAGE  [serviceStopWorker] shutdown: final commit...
2015-08-24T15:33:18.123+0800 I JOURNAL  [serviceStopWorker] journalCleanup...
2015-08-24T15:33:18.123+0800 I JOURNAL  [serviceStopWorker] removeJournalFiles
2015-08-24T15:33:18.125+0800 I JOURNAL  [serviceStopWorker] Terminating durability thread ...
2015-08-24T15:33:18.206+0800 I JOURNAL  [journal writer] Journal writer thread stopped
2015-08-24T15:33:18.206+0800 I JOURNAL  [durability] Durability thread stopped
2015-08-24T15:33:18.206+0800 I STORAGE  [serviceStopWorker] shutdown: closing all files...
2015-08-24T15:33:18.209+0800 I STORAGE  [serviceStopWorker] closeAllFiles() finished
2015-08-24T15:33:18.210+0800 I STORAGE  [serviceStopWorker] shutdown: removing fs lock...
2015-08-24T15:33:18.211+0800 I CONTROL  [serviceStopWorker] dbexit:  rc: 49
